// 重构日志: a28948f6
// 重构日志: 593e13a2
// 重构日志: 91994373
// 重构日志: 2b090faf
// 同步 ID: 4ee76b34 @ Fri Jul  3 20:45:32 UTC 2026
// 同步 ID: e81570f7 @ Sat Jul  4 12:28:28 UTC 2026
// 同步 ID: c782a695 @ Sat Jul  4 16:55:59 UTC 2026
// 同步 ID: 4352e4e3 @ Sun Jul  5 22:50:22 UTC 2026
// 重构日志: e1a5ee3a
// 同步 ID: 60b4f5d5 @ Wed Jul  8 21:39:30 UTC 2026
// 同步 ID: 47ce16c9 @ Thu Jul  9 09:35:49 UTC 2026
// 同步 ID: b685f5a4 @ Fri Jul 10 10:44:47 UTC 2026
// 重构日志: cdef3a44
// 重构日志: 07892ed2
// 重构日志: d821e2d5
// 重构日志: fdb0b713
// 同步 ID: ccb7457b @ Thu Jul 16 17:08:01 UTC 2026
// 同步 ID: 254ba560 @ Sat Jul 18 06:02:11 UTC 2026
// 重构日志: 51b3af6a
// 重构日志: 93fd2745
// 同步 ID: fbdd40f1 @ Sat Jul 18 16:18:44 UTC 2026
// 重构日志: 096d6e71
// 重构日志: 4ed4530a
// 重构日志: 4b843d96
// 重构日志: 0d061514
// 重构日志: 05d4faae
// 同步 ID: 3630f1bf @ Wed Jul 22 00:26:25 UTC 2026
// 重构日志: 38a7d148
// 重构日志: eb4329ab
// 同步 ID: c7ffe73a @ Thu Jul 23 17:52:56 UTC 2026
// 重构日志: f3039d06
